*** Starting uWSGI 2.0.18 (64bit) on [Fri Mar 29 02:32:18 2019] ***
compiled with version: 7.3.0 on 15 March 2019 13:39:31
os: Linux-4.15.0-20-generic #21-Ubuntu SMP Tue Apr 24 06:16:15 UTC 2018
nodename: ubuntu
machine: x86_64
clock source: unix
pcre jit disabled
detected number of CPU cores: 1
current working directory: /mnt/hgfs/Projects/arryblog
writing pidfile to uwsgi.pid
detected binary path: /home/arry/.virtualenvs/arryblog/bin/uwsgi
chdir() to /home/arry/Projects/arryblog
your processes number limit is 7650
your memory page size is 4096 bytes
detected max file descriptor number: 1024
lock engine: pthread robust mutexes
thunder lock: disabled (you can enable it with --thunder-lock)
uwsgi socket 0 bound to TCP address 127.0.0.1:8080 fd 3
Python version: 3.6.7 (default, Oct 22 2018, 11:32:17)  [GCC 8.2.0]
Set PythonHome to /home/arry/.virtualenvs/arryblog
Python main interpreter initialized at 0x55dbab12ad30
python threads support enabled
your server socket listen backlog is limited to 100 connections
your mercy for graceful operations on workers is 60 seconds
mapped 416880 bytes (407 KB) for 8 cores
*** Operational MODE: preforking+threaded ***
WSGI app 0 (mountpoint='') ready in 1 seconds on interpreter 0x55dbab12ad30 pid: 3272 (default app)
mountpoint  already configured. skip.
*** uWSGI is running in multiple interpreter mode ***
spawned uWSGI master process (pid: 3272)
spawned uWSGI worker 1 (pid: 3274, cores: 2)
spawned uWSGI worker 2 (pid: 3275, cores: 2)
spawned uWSGI worker 3 (pid: 3278, cores: 2)
spawned uWSGI worker 4 (pid: 3280, cores: 2)
